0	1	mikroCPIC1618.exe -MSF -DBG -pP18F45K22 -DL -O11111114 -fo8 -N"E:\ITI\Mechatronics\Microcontroller\project - micro - rtecs\finalproj-retecs-micro.mcppi" -SP"C:\Users\Public\Documents\Mikroelektronika\mikroC PRO for PIC\Defs\" -SP"C:\Users\Public\Documents\Mikroelektronika\mikroC PRO for PIC\uses\P18\" -SP"E:\ITI\Mechatronics\Microcontroller\project - micro - rtecs\" "finalproj-retecs-micro.c" "ver.c" "i2c.c" "acce.c" "__Lib_Math.mcl" "__Lib_MathDouble.mcl" "__Lib_System.mcl" "__Lib_Delays.mcl" "__Lib_CType.mcl" "__Lib_CString.mcl" "__Lib_CStdlib.mcl" "__Lib_CMath.mcl" "__Lib_MemManager.mcl" "__Lib_Conversions.mcl" "__Lib_Sprintf.mcl" "__Lib_PrintOut.mcl" "__Lib_Sprinti.mcl" "__Lib_Sprintl.mcl" "__Lib_Time.mcl" "__Lib_Trigonometry.mcl" "__Lib_Button.mcl" "__Lib_Keypad4x4.mcl" "__Lib_Manchester.mcl" "__Lib_OneWire.mcl" "__Lib_PS2.mcl" "__Lib_Sound.mcl" "__Lib_SoftI2C.mcl" "__Lib_SoftSPI.mcl" "__Lib_SoftUART.mcl" "__Lib_ADC_A_D.mcl" "__Lib_EEPROM_256.mcl" "__Lib_FLASH_w64_e64.mcl" "__Lib_I2C_c34d01.mcl" "__Lib_PWM_c21.mcl" "__Lib_PWM_b5d1e2.mcl" "__Lib_SPI_c345d014.mcl" "__Lib_UART_c67d67.mcl" "__Lib_PortExpander.mcl" "__Lib_CANSPI.mcl" "__Lib_CF.mcl" "__Lib_CFFat16.mcl" "__Lib_GlcdFonts.mcl" "__Lib_Glcd.mcl" "__Lib_LcdConsts.mcl" "__Lib_Lcd.mcl" "__Lib_Mmc.mcl" "__Lib_MmcFat16.mcl" "__Lib_MmcFat16Constants.mcl" "__Lib_RS485.mcl" "__Lib_S1D13700.mcl" "__Lib_T6963C.mcl" "__Lib_SPIGlcd.mcl" "__Lib_SPILcd.mcl" "__Lib_SPILcd8.mcl" "__Lib_SPIT6963C.mcl" "__Lib_EthEnc28j60.mcl" "__Lib_TFT.mcl" "__Lib_TFT_Defs.mcl" "__Lib_TFT_16bit.mcl" "__Lib_TFT_16bit_Defs.mcl" "__Lib_TouchPanel_TFT.mcl" "__Lib_EthEnc24j600.mcl" "__Lib_TouchPanel.mcl"	 
diagnostics: 0	122	Compilation Started	finalproj-retecs-micro.c
diagnostics: 3	123	Compiled Successfully	finalproj-retecs-micro.c
diagnostics: 0	122	Compilation Started	i2c.h
error: 6	324	Undeclared identifier 'servox' in expression	ver.c
error: 6	317	Operator '.' is not applicable to these operands ''	ver.c
error: 6	324	Undeclared identifier 'write' in expression	ver.c
error: 7	324	Undeclared identifier 'servoy' in expression	ver.c
error: 7	317	Operator '.' is not applicable to these operands ''	ver.c
error: 7	324	Undeclared identifier 'write' in expression	ver.c
error: 43	324	Undeclared identifier 'servox' in expression	ver.c
error: 43	317	Operator '.' is not applicable to these operands ''	ver.c
error: 43	324	Undeclared identifier 'read' in expression	ver.c
error: 43	317	Operator '' is not applicable to these operands ''	ver.c
error: 43	324	Undeclared identifier 'servox' in expression	ver.c
error: 43	317	Operator '.' is not applicable to these operands ''	ver.c
error: 43	324	Undeclared identifier 'read' in expression	ver.c
error: 43	317	Operator '' is not applicable to these operands ''	ver.c
error: 45	324	Undeclared identifier 'servox' in expression	ver.c
error: 45	317	Operator '.' is not applicable to these operands ''	ver.c
error: 45	324	Undeclared identifier 'write' in expression	ver.c
error: 45	317	Operator '' is not applicable to these operands ''	ver.c
error: 45	402	; expected, but ')' found	ver.c
error: 45	424	'}' expected ';' found	ver.c
error: 46	424	'}' expected '}' found	ver.c
error: 51	312	Internal error ''	ver.c
diagnostics: 0	122	Compilation Started	i2c.h
diagnostics: 183	123	Compiled Successfully	i2c.c
diagnostics: 0	122	Compilation Started	i2c.h
diagnostics: 58	123	Compiled Successfully	acce.c
error: 0	102	Finished (with errors): 08 Apr 2016, 18:17:43	finalproj-retecs-micro.mcppi
